/bin/bash: ices2: command not found
Starting icecast2: start-stop-daemon: unable to set gid to 131 (Operation not permitted)
Warning: Running `gem pristine --all` to regenerate your installed gemspecs (and deleting then reinstalling your bundle if you use bundle --path) will improve the startup performance of Spring.
/home/sean/.rvm/gems/ruby-2.2.3/gems/mysql2-0.3.20/lib/mysql2/client.rb:70:in `connect': Access denied for user 'PARadioCMS'@'localhost' (using password: NO) (Mysql2::Error)
	from /home/sean/.rvm/gems/ruby-2.2.3/gems/mysql2-0.3.20/lib/mysql2/client.rb:70:in `initialize'
	from /home/sean/.rvm/gems/ruby-2.2.3/gems/activerecord-4.2.4/lib/active_record/connection_adapters/mysql2_adapter.rb:18:in `new'
	from /home/sean/.rvm/gems/ruby-2.2.3/gems/activerecord-4.2.4/lib/active_record/connection_adapters/mysql2_adapter.rb:18:in `mysql2_connection'
	from /home/sean/.rvm/gems/ruby-2.2.3/gems/activerecord-4.2.4/lib/active_record/connection_adapters/abstract/connection_pool.rb:438:in `new_connection'
	from /home/sean/.rvm/gems/ruby-2.2.3/gems/activerecord-4.2.4/lib/active_record/connection_adapters/abstract/connection_pool.rb:448:in `checkout_new_connection'
	from /home/sean/.rvm/gems/ruby-2.2.3/gems/activerecord-4.2.4/lib/active_record/connection_adapters/abstract/connection_pool.rb:422:in `acquire_connection'
	from /home/sean/.rvm/gems/ruby-2.2.3/gems/activerecord-4.2.4/lib/active_record/connection_adapters/abstract/connection_pool.rb:349:in `block in checkout'
	from /home/sean/.rvm/rubies/ruby-2.2.3/lib/ruby/2.2.0/monitor.rb:211:in `mon_synchronize'
	from /home/sean/.rvm/gems/ruby-2.2.3/gems/activerecord-4.2.4/lib/active_record/connection_adapters/abstract/connection_pool.rb:348:in `checkout'
	from /home/sean/.rvm/gems/ruby-2.2.3/gems/activerecord-4.2.4/lib/active_record/connection_adapters/abstract/connection_pool.rb:263:in `block in connection'
	from /home/sean/.rvm/rubies/ruby-2.2.3/lib/ruby/2.2.0/monitor.rb:211:in `mon_synchronize'
	from /home/sean/.rvm/gems/ruby-2.2.3/gems/activerecord-4.2.4/lib/active_record/connection_adapters/abstract/connection_pool.rb:262:in `connection'
	from /home/sean/.rvm/gems/ruby-2.2.3/gems/activerecord-4.2.4/lib/active_record/connection_adapters/abstract/connection_pool.rb:571:in `retrieve_connection'
	from /home/sean/.rvm/gems/ruby-2.2.3/gems/activerecord-4.2.4/lib/active_record/connection_handling.rb:113:in `retrieve_connection'
	from /home/sean/.rvm/gems/ruby-2.2.3/gems/activerecord-4.2.4/lib/active_record/connection_handling.rb:87:in `connection'
	from /home/sean/.rvm/gems/ruby-2.2.3/gems/activerecord-4.2.4/lib/active_record/querying.rb:39:in `find_by_sql'
	from /home/sean/.rvm/gems/ruby-2.2.3/gems/activerecord-4.2.4/lib/active_record/relation.rb:639:in `exec_queries'
	from /home/sean/.rvm/gems/ruby-2.2.3/gems/activerecord-4.2.4/lib/active_record/relation.rb:515:in `load'
	from /home/sean/.rvm/gems/ruby-2.2.3/gems/activerecord-4.2.4/lib/active_record/relation.rb:243:in `to_a'
	from /home/sean/.rvm/gems/ruby-2.2.3/gems/activerecord-4.2.4/lib/active_record/relation/delegation.rb:46:in `each'
	from /var/www/html/PARadioCMS/app/models/admin/streamitem.rb:78:in `block in updatePlaylistFile'
	from /var/www/html/PARadioCMS/app/models/admin/streamitem.rb:77:in `open'
	from /var/www/html/PARadioCMS/app/models/admin/streamitem.rb:77:in `updatePlaylistFile'
	from /home/sean/.rvm/gems/ruby-2.2.3/gems/railties-4.2.4/lib/rails/commands/runner.rb:62:in `<top (required)>'
	from /home/sean/.rvm/gems/ruby-2.2.3/gems/railties-4.2.4/lib/rails/commands/runner.rb:62:in `eval'
	from /home/sean/.rvm/gems/ruby-2.2.3/gems/railties-4.2.4/lib/rails/commands/runner.rb:62:in `<top (required)>'
	from /home/sean/.rvm/gems/ruby-2.2.3/gems/activesupport-4.2.4/lib/active_support/dependencies.rb:274:in `require'
	from /home/sean/.rvm/gems/ruby-2.2.3/gems/activesupport-4.2.4/lib/active_support/dependencies.rb:274:in `block in require'
	from /home/sean/.rvm/gems/ruby-2.2.3/gems/activesupport-4.2.4/lib/active_support/dependencies.rb:240:in `load_dependency'
	from /home/sean/.rvm/gems/ruby-2.2.3/gems/activesupport-4.2.4/lib/active_support/dependencies.rb:274:in `require'
	from /home/sean/.rvm/gems/ruby-2.2.3/gems/railties-4.2.4/lib/rails/commands/commands_tasks.rb:123:in `require_command!'
	from /home/sean/.rvm/gems/ruby-2.2.3/gems/railties-4.2.4/lib/rails/commands/commands_tasks.rb:90:in `runner'
	from /home/sean/.rvm/gems/ruby-2.2.3/gems/railties-4.2.4/lib/rails/commands/commands_tasks.rb:39:in `run_command!'
	from /home/sean/.rvm/gems/ruby-2.2.3/gems/railties-4.2.4/lib/rails/commands.rb:17:in `<top (required)>'
	from /home/sean/.rvm/gems/ruby-2.2.3/gems/activesupport-4.2.4/lib/active_support/dependencies.rb:274:in `require'
	from /home/sean/.rvm/gems/ruby-2.2.3/gems/activesupport-4.2.4/lib/active_support/dependencies.rb:274:in `block in require'
	from /home/sean/.rvm/gems/ruby-2.2.3/gems/activesupport-4.2.4/lib/active_support/dependencies.rb:240:in `load_dependency'
	from /home/sean/.rvm/gems/ruby-2.2.3/gems/activesupport-4.2.4/lib/active_support/dependencies.rb:274:in `require'
	from /var/www/html/PARadioCMS/bin/rails:9:in `<top (required)>'
	from /home/sean/.rvm/gems/ruby-2.2.3/gems/activesupport-4.2.4/lib/active_support/dependencies.rb:268:in `load'
	from /home/sean/.rvm/gems/ruby-2.2.3/gems/activesupport-4.2.4/lib/active_support/dependencies.rb:268:in `block in load'
	from /home/sean/.rvm/gems/ruby-2.2.3/gems/activesupport-4.2.4/lib/active_support/dependencies.rb:240:in `load_dependency'
	from /home/sean/.rvm/gems/ruby-2.2.3/gems/activesupport-4.2.4/lib/active_support/dependencies.rb:268:in `load'
	from /home/sean/.rvm/rubies/ruby-2.2.3/lib/ruby/site_ruby/2.2.0/rubygems/core_ext/kernel_require.rb:54:in `require'
	from /home/sean/.rvm/rubies/ruby-2.2.3/lib/ruby/site_ruby/2.2.0/rubygems/core_ext/kernel_require.rb:54:in `require'
	from -e:1:in `<main>'
Running via Spring preloader in process 16235
/bin/bash: ices2: command not found
Starting icecast2: start-stop-daemon: unable to set gid to 131 (Operation not permitted)
Warning: Running `gem pristine --all` to regenerate your installed gemspecs (and deleting then reinstalling your bundle if you use bundle --path) will improve the startup performance of Spring.
/home/sean/.rvm/gems/ruby-2.2.3/gems/mysql2-0.3.20/lib/mysql2/client.rb:70:in `connect': Access denied for user 'PARadioCMS'@'localhost' (using password: NO) (Mysql2::Error)
	from /home/sean/.rvm/gems/ruby-2.2.3/gems/mysql2-0.3.20/lib/mysql2/client.rb:70:in `initialize'
	from /home/sean/.rvm/gems/ruby-2.2.3/gems/activerecord-4.2.4/lib/active_record/connection_adapters/mysql2_adapter.rb:18:in `new'
	from /home/sean/.rvm/gems/ruby-2.2.3/gems/activerecord-4.2.4/lib/active_record/connection_adapters/mysql2_adapter.rb:18:in `mysql2_connection'
	from /home/sean/.rvm/gems/ruby-2.2.3/gems/activerecord-4.2.4/lib/active_record/connection_adapters/abstract/connection_pool.rb:438:in `new_connection'
	from /home/sean/.rvm/gems/ruby-2.2.3/gems/activerecord-4.2.4/lib/active_record/connection_adapters/abstract/connection_pool.rb:448:in `checkout_new_connection'
	from /home/sean/.rvm/gems/ruby-2.2.3/gems/activerecord-4.2.4/lib/active_record/connection_adapters/abstract/connection_pool.rb:422:in `acquire_connection'
	from /home/sean/.rvm/gems/ruby-2.2.3/gems/activerecord-4.2.4/lib/active_record/connection_adapters/abstract/connection_pool.rb:349:in `block in checkout'
	from /home/sean/.rvm/rubies/ruby-2.2.3/lib/ruby/2.2.0/monitor.rb:211:in `mon_synchronize'
	from /home/sean/.rvm/gems/ruby-2.2.3/gems/activerecord-4.2.4/lib/active_record/connection_adapters/abstract/connection_pool.rb:348:in `checkout'
	from /home/sean/.rvm/gems/ruby-2.2.3/gems/activerecord-4.2.4/lib/active_record/connection_adapters/abstract/connection_pool.rb:263:in `block in connection'
	from /home/sean/.rvm/rubies/ruby-2.2.3/lib/ruby/2.2.0/monitor.rb:211:in `mon_synchronize'
	from /home/sean/.rvm/gems/ruby-2.2.3/gems/activerecord-4.2.4/lib/active_record/connection_adapters/abstract/connection_pool.rb:262:in `connection'
	from /home/sean/.rvm/gems/ruby-2.2.3/gems/activerecord-4.2.4/lib/active_record/connection_adapters/abstract/connection_pool.rb:571:in `retrieve_connection'
	from /home/sean/.rvm/gems/ruby-2.2.3/gems/activerecord-4.2.4/lib/active_record/connection_handling.rb:113:in `retrieve_connection'
	from /home/sean/.rvm/gems/ruby-2.2.3/gems/activerecord-4.2.4/lib/active_record/connection_handling.rb:87:in `connection'
	from /home/sean/.rvm/gems/ruby-2.2.3/gems/activerecord-4.2.4/lib/active_record/querying.rb:39:in `find_by_sql'
	from /home/sean/.rvm/gems/ruby-2.2.3/gems/activerecord-4.2.4/lib/active_record/relation.rb:639:in `exec_queries'
	from /home/sean/.rvm/gems/ruby-2.2.3/gems/activerecord-4.2.4/lib/active_record/relation.rb:515:in `load'
	from /home/sean/.rvm/gems/ruby-2.2.3/gems/activerecord-4.2.4/lib/active_record/relation.rb:243:in `to_a'
	from /home/sean/.rvm/gems/ruby-2.2.3/gems/activerecord-4.2.4/lib/active_record/relation/delegation.rb:46:in `each'
	from /var/www/html/PARadioCMS/app/models/admin/streamitem.rb:78:in `block in updatePlaylistFile'
	from /var/www/html/PARadioCMS/app/models/admin/streamitem.rb:77:in `open'
	from /var/www/html/PARadioCMS/app/models/admin/streamitem.rb:77:in `updatePlaylistFile'
	from /home/sean/.rvm/gems/ruby-2.2.3/gems/railties-4.2.4/lib/rails/commands/runner.rb:62:in `<top (required)>'
	from /home/sean/.rvm/gems/ruby-2.2.3/gems/railties-4.2.4/lib/rails/commands/runner.rb:62:in `eval'
	from /home/sean/.rvm/gems/ruby-2.2.3/gems/railties-4.2.4/lib/rails/commands/runner.rb:62:in `<top (required)>'
	from /home/sean/.rvm/gems/ruby-2.2.3/gems/activesupport-4.2.4/lib/active_support/dependencies.rb:274:in `require'
	from /home/sean/.rvm/gems/ruby-2.2.3/gems/activesupport-4.2.4/lib/active_support/dependencies.rb:274:in `block in require'
	from /home/sean/.rvm/gems/ruby-2.2.3/gems/activesupport-4.2.4/lib/active_support/dependencies.rb:240:in `load_dependency'
	from /home/sean/.rvm/gems/ruby-2.2.3/gems/activesupport-4.2.4/lib/active_support/dependencies.rb:274:in `require'
	from /home/sean/.rvm/gems/ruby-2.2.3/gems/railties-4.2.4/lib/rails/commands/commands_tasks.rb:123:in `require_command!'
	from /home/sean/.rvm/gems/ruby-2.2.3/gems/railties-4.2.4/lib/rails/commands/commands_tasks.rb:90:in `runner'
	from /home/sean/.rvm/gems/ruby-2.2.3/gems/railties-4.2.4/lib/rails/commands/commands_tasks.rb:39:in `run_command!'
	from /home/sean/.rvm/gems/ruby-2.2.3/gems/railties-4.2.4/lib/rails/commands.rb:17:in `<top (required)>'
	from /home/sean/.rvm/gems/ruby-2.2.3/gems/activesupport-4.2.4/lib/active_support/dependencies.rb:274:in `require'
	from /home/sean/.rvm/gems/ruby-2.2.3/gems/activesupport-4.2.4/lib/active_support/dependencies.rb:274:in `block in require'
	from /home/sean/.rvm/gems/ruby-2.2.3/gems/activesupport-4.2.4/lib/active_support/dependencies.rb:240:in `load_dependency'
	from /home/sean/.rvm/gems/ruby-2.2.3/gems/activesupport-4.2.4/lib/active_support/dependencies.rb:274:in `require'
	from /var/www/html/PARadioCMS/bin/rails:9:in `<top (required)>'
	from /home/sean/.rvm/gems/ruby-2.2.3/gems/activesupport-4.2.4/lib/active_support/dependencies.rb:268:in `load'
	from /home/sean/.rvm/gems/ruby-2.2.3/gems/activesupport-4.2.4/lib/active_support/dependencies.rb:268:in `block in load'
	from /home/sean/.rvm/gems/ruby-2.2.3/gems/activesupport-4.2.4/lib/active_support/dependencies.rb:240:in `load_dependency'
	from /home/sean/.rvm/gems/ruby-2.2.3/gems/activesupport-4.2.4/lib/active_support/dependencies.rb:268:in `load'
	from /home/sean/.rvm/rubies/ruby-2.2.3/lib/ruby/site_ruby/2.2.0/rubygems/core_ext/kernel_require.rb:54:in `require'
	from /home/sean/.rvm/rubies/ruby-2.2.3/lib/ruby/site_ruby/2.2.0/rubygems/core_ext/kernel_require.rb:54:in `require'
	from -e:1:in `<main>'
Running via Spring preloader in process 16692
Starting icecast2: start-stop-daemon: unable to set gid to 131 (Operation not permitted)
unable to open log ./PARadioCMS/lib/ices/log.txt
Warning: Running `gem pristine --all` to regenerate your installed gemspecs (and deleting then reinstalling your bundle if you use bundle --path) will improve the startup performance of Spring.
/home/sean/.rvm/gems/ruby-2.2.3/gems/mysql2-0.3.20/lib/mysql2/client.rb:70:in `connect': Access denied for user 'PARadioCMS'@'localhost' (using password: NO) (Mysql2::Error)
	from /home/sean/.rvm/gems/ruby-2.2.3/gems/mysql2-0.3.20/lib/mysql2/client.rb:70:in `initialize'
	from /home/sean/.rvm/gems/ruby-2.2.3/gems/activerecord-4.2.4/lib/active_record/connection_adapters/mysql2_adapter.rb:18:in `new'
	from /home/sean/.rvm/gems/ruby-2.2.3/gems/activerecord-4.2.4/lib/active_record/connection_adapters/mysql2_adapter.rb:18:in `mysql2_connection'
	from /home/sean/.rvm/gems/ruby-2.2.3/gems/activerecord-4.2.4/lib/active_record/connection_adapters/abstract/connection_pool.rb:438:in `new_connection'
	from /home/sean/.rvm/gems/ruby-2.2.3/gems/activerecord-4.2.4/lib/active_record/connection_adapters/abstract/connection_pool.rb:448:in `checkout_new_connection'
	from /home/sean/.rvm/gems/ruby-2.2.3/gems/activerecord-4.2.4/lib/active_record/connection_adapters/abstract/connection_pool.rb:422:in `acquire_connection'
	from /home/sean/.rvm/gems/ruby-2.2.3/gems/activerecord-4.2.4/lib/active_record/connection_adapters/abstract/connection_pool.rb:349:in `block in checkout'
	from /home/sean/.rvm/rubies/ruby-2.2.3/lib/ruby/2.2.0/monitor.rb:211:in `mon_synchronize'
	from /home/sean/.rvm/gems/ruby-2.2.3/gems/activerecord-4.2.4/lib/active_record/connection_adapters/abstract/connection_pool.rb:348:in `checkout'
	from /home/sean/.rvm/gems/ruby-2.2.3/gems/activerecord-4.2.4/lib/active_record/connection_adapters/abstract/connection_pool.rb:263:in `block in connection'
	from /home/sean/.rvm/rubies/ruby-2.2.3/lib/ruby/2.2.0/monitor.rb:211:in `mon_synchronize'
	from /home/sean/.rvm/gems/ruby-2.2.3/gems/activerecord-4.2.4/lib/active_record/connection_adapters/abstract/connection_pool.rb:262:in `connection'
	from /home/sean/.rvm/gems/ruby-2.2.3/gems/activerecord-4.2.4/lib/active_record/connection_adapters/abstract/connection_pool.rb:571:in `retrieve_connection'
	from /home/sean/.rvm/gems/ruby-2.2.3/gems/activerecord-4.2.4/lib/active_record/connection_handling.rb:113:in `retrieve_connection'
	from /home/sean/.rvm/gems/ruby-2.2.3/gems/activerecord-4.2.4/lib/active_record/connection_handling.rb:87:in `connection'
	from /home/sean/.rvm/gems/ruby-2.2.3/gems/activerecord-4.2.4/lib/active_record/querying.rb:39:in `find_by_sql'
	from /home/sean/.rvm/gems/ruby-2.2.3/gems/activerecord-4.2.4/lib/active_record/relation.rb:639:in `exec_queries'
	from /home/sean/.rvm/gems/ruby-2.2.3/gems/activerecord-4.2.4/lib/active_record/relation.rb:515:in `load'
	from /home/sean/.rvm/gems/ruby-2.2.3/gems/activerecord-4.2.4/lib/active_record/relation.rb:243:in `to_a'
	from /home/sean/.rvm/gems/ruby-2.2.3/gems/activerecord-4.2.4/lib/active_record/relation/delegation.rb:46:in `each'
	from /var/www/html/PARadioCMS/app/models/admin/streamitem.rb:78:in `block in updatePlaylistFile'
	from /var/www/html/PARadioCMS/app/models/admin/streamitem.rb:77:in `open'
	from /var/www/html/PARadioCMS/app/models/admin/streamitem.rb:77:in `updatePlaylistFile'
	from /home/sean/.rvm/gems/ruby-2.2.3/gems/railties-4.2.4/lib/rails/commands/runner.rb:62:in `<top (required)>'
	from /home/sean/.rvm/gems/ruby-2.2.3/gems/railties-4.2.4/lib/rails/commands/runner.rb:62:in `eval'
	from /home/sean/.rvm/gems/ruby-2.2.3/gems/railties-4.2.4/lib/rails/commands/runner.rb:62:in `<top (required)>'
	from /home/sean/.rvm/gems/ruby-2.2.3/gems/activesupport-4.2.4/lib/active_support/dependencies.rb:274:in `require'
	from /home/sean/.rvm/gems/ruby-2.2.3/gems/activesupport-4.2.4/lib/active_support/dependencies.rb:274:in `block in require'
	from /home/sean/.rvm/gems/ruby-2.2.3/gems/activesupport-4.2.4/lib/active_support/dependencies.rb:240:in `load_dependency'
	from /home/sean/.rvm/gems/ruby-2.2.3/gems/activesupport-4.2.4/lib/active_support/dependencies.rb:274:in `require'
	from /home/sean/.rvm/gems/ruby-2.2.3/gems/railties-4.2.4/lib/rails/commands/commands_tasks.rb:123:in `require_command!'
	from /home/sean/.rvm/gems/ruby-2.2.3/gems/railties-4.2.4/lib/rails/commands/commands_tasks.rb:90:in `runner'
	from /home/sean/.rvm/gems/ruby-2.2.3/gems/railties-4.2.4/lib/rails/commands/commands_tasks.rb:39:in `run_command!'
	from /home/sean/.rvm/gems/ruby-2.2.3/gems/railties-4.2.4/lib/rails/commands.rb:17:in `<top (required)>'
	from /home/sean/.rvm/gems/ruby-2.2.3/gems/activesupport-4.2.4/lib/active_support/dependencies.rb:274:in `require'
	from /home/sean/.rvm/gems/ruby-2.2.3/gems/activesupport-4.2.4/lib/active_support/dependencies.rb:274:in `block in require'
	from /home/sean/.rvm/gems/ruby-2.2.3/gems/activesupport-4.2.4/lib/active_support/dependencies.rb:240:in `load_dependency'
	from /home/sean/.rvm/gems/ruby-2.2.3/gems/activesupport-4.2.4/lib/active_support/dependencies.rb:274:in `require'
	from /var/www/html/PARadioCMS/bin/rails:9:in `<top (required)>'
	from /home/sean/.rvm/gems/ruby-2.2.3/gems/activesupport-4.2.4/lib/active_support/dependencies.rb:268:in `load'
	from /home/sean/.rvm/gems/ruby-2.2.3/gems/activesupport-4.2.4/lib/active_support/dependencies.rb:268:in `block in load'
	from /home/sean/.rvm/gems/ruby-2.2.3/gems/activesupport-4.2.4/lib/active_support/dependencies.rb:240:in `load_dependency'
	from /home/sean/.rvm/gems/ruby-2.2.3/gems/activesupport-4.2.4/lib/active_support/dependencies.rb:268:in `load'
	from /home/sean/.rvm/rubies/ruby-2.2.3/lib/ruby/site_ruby/2.2.0/rubygems/core_ext/kernel_require.rb:54:in `require'
	from /home/sean/.rvm/rubies/ruby-2.2.3/lib/ruby/site_ruby/2.2.0/rubygems/core_ext/kernel_require.rb:54:in `require'
	from -e:1:in `<main>'
Running via Spring preloader in process 17620
Starting icecast2: start-stop-daemon: unable to set gid to 131 (Operation not permitted)
Warning: Running `gem pristine --all` to regenerate your installed gemspecs (and deleting then reinstalling your bundle if you use bundle --path) will improve the startup performance of Spring.
/home/sean/.rvm/gems/ruby-2.2.3/gems/mysql2-0.3.20/lib/mysql2/client.rb:70:in `connect': Access denied for user 'PARadioCMS'@'localhost' (using password: NO) (Mysql2::Error)
	from /home/sean/.rvm/gems/ruby-2.2.3/gems/mysql2-0.3.20/lib/mysql2/client.rb:70:in `initialize'
	from /home/sean/.rvm/gems/ruby-2.2.3/gems/activerecord-4.2.4/lib/active_record/connection_adapters/mysql2_adapter.rb:18:in `new'
	from /home/sean/.rvm/gems/ruby-2.2.3/gems/activerecord-4.2.4/lib/active_record/connection_adapters/mysql2_adapter.rb:18:in `mysql2_connection'
	from /home/sean/.rvm/gems/ruby-2.2.3/gems/activerecord-4.2.4/lib/active_record/connection_adapters/abstract/connection_pool.rb:438:in `new_connection'
	from /home/sean/.rvm/gems/ruby-2.2.3/gems/activerecord-4.2.4/lib/active_record/connection_adapters/abstract/connection_pool.rb:448:in `checkout_new_connection'
	from /home/sean/.rvm/gems/ruby-2.2.3/gems/activerecord-4.2.4/lib/active_record/connection_adapters/abstract/connection_pool.rb:422:in `acquire_connection'
	from /home/sean/.rvm/gems/ruby-2.2.3/gems/activerecord-4.2.4/lib/active_record/connection_adapters/abstract/connection_pool.rb:349:in `block in checkout'
	from /home/sean/.rvm/rubies/ruby-2.2.3/lib/ruby/2.2.0/monitor.rb:211:in `mon_synchronize'
	from /home/sean/.rvm/gems/ruby-2.2.3/gems/activerecord-4.2.4/lib/active_record/connection_adapters/abstract/connection_pool.rb:348:in `checkout'
	from /home/sean/.rvm/gems/ruby-2.2.3/gems/activerecord-4.2.4/lib/active_record/connection_adapters/abstract/connection_pool.rb:263:in `block in connection'
	from /home/sean/.rvm/rubies/ruby-2.2.3/lib/ruby/2.2.0/monitor.rb:211:in `mon_synchronize'
	from /home/sean/.rvm/gems/ruby-2.2.3/gems/activerecord-4.2.4/lib/active_record/connection_adapters/abstract/connection_pool.rb:262:in `connection'
	from /home/sean/.rvm/gems/ruby-2.2.3/gems/activerecord-4.2.4/lib/active_record/connection_adapters/abstract/connection_pool.rb:571:in `retrieve_connection'
	from /home/sean/.rvm/gems/ruby-2.2.3/gems/activerecord-4.2.4/lib/active_record/connection_handling.rb:113:in `retrieve_connection'
	from /home/sean/.rvm/gems/ruby-2.2.3/gems/activerecord-4.2.4/lib/active_record/connection_handling.rb:87:in `connection'
	from /home/sean/.rvm/gems/ruby-2.2.3/gems/activerecord-4.2.4/lib/active_record/querying.rb:39:in `find_by_sql'
	from /home/sean/.rvm/gems/ruby-2.2.3/gems/activerecord-4.2.4/lib/active_record/relation.rb:639:in `exec_queries'
	from /home/sean/.rvm/gems/ruby-2.2.3/gems/activerecord-4.2.4/lib/active_record/relation.rb:515:in `load'
	from /home/sean/.rvm/gems/ruby-2.2.3/gems/activerecord-4.2.4/lib/active_record/relation.rb:243:in `to_a'
	from /home/sean/.rvm/gems/ruby-2.2.3/gems/activerecord-4.2.4/lib/active_record/relation/delegation.rb:46:in `each'
	from /var/www/html/PARadioCMS/app/models/admin/streamitem.rb:78:in `block in updatePlaylistFile'
	from /var/www/html/PARadioCMS/app/models/admin/streamitem.rb:77:in `open'
	from /var/www/html/PARadioCMS/app/models/admin/streamitem.rb:77:in `updatePlaylistFile'
	from /home/sean/.rvm/gems/ruby-2.2.3/gems/railties-4.2.4/lib/rails/commands/runner.rb:62:in `<top (required)>'
	from /home/sean/.rvm/gems/ruby-2.2.3/gems/railties-4.2.4/lib/rails/commands/runner.rb:62:in `eval'
	from /home/sean/.rvm/gems/ruby-2.2.3/gems/railties-4.2.4/lib/rails/commands/runner.rb:62:in `<top (required)>'
	from /home/sean/.rvm/gems/ruby-2.2.3/gems/activesupport-4.2.4/lib/active_support/dependencies.rb:274:in `require'
	from /home/sean/.rvm/gems/ruby-2.2.3/gems/activesupport-4.2.4/lib/active_support/dependencies.rb:274:in `block in require'
	from /home/sean/.rvm/gems/ruby-2.2.3/gems/activesupport-4.2.4/lib/active_support/dependencies.rb:240:in `load_dependency'
	from /home/sean/.rvm/gems/ruby-2.2.3/gems/activesupport-4.2.4/lib/active_support/dependencies.rb:274:in `require'
	from /home/sean/.rvm/gems/ruby-2.2.3/gems/railties-4.2.4/lib/rails/commands/commands_tasks.rb:123:in `require_command!'
	from /home/sean/.rvm/gems/ruby-2.2.3/gems/railties-4.2.4/lib/rails/commands/commands_tasks.rb:90:in `runner'
	from /home/sean/.rvm/gems/ruby-2.2.3/gems/railties-4.2.4/lib/rails/commands/commands_tasks.rb:39:in `run_command!'
	from /home/sean/.rvm/gems/ruby-2.2.3/gems/railties-4.2.4/lib/rails/commands.rb:17:in `<top (required)>'
	from /home/sean/.rvm/gems/ruby-2.2.3/gems/activesupport-4.2.4/lib/active_support/dependencies.rb:274:in `require'
	from /home/sean/.rvm/gems/ruby-2.2.3/gems/activesupport-4.2.4/lib/active_support/dependencies.rb:274:in `block in require'
	from /home/sean/.rvm/gems/ruby-2.2.3/gems/activesupport-4.2.4/lib/active_support/dependencies.rb:240:in `load_dependency'
	from /home/sean/.rvm/gems/ruby-2.2.3/gems/activesupport-4.2.4/lib/active_support/dependencies.rb:274:in `require'
	from /var/www/html/PARadioCMS/bin/rails:9:in `<top (required)>'
	from /home/sean/.rvm/gems/ruby-2.2.3/gems/activesupport-4.2.4/lib/active_support/dependencies.rb:268:in `load'
	from /home/sean/.rvm/gems/ruby-2.2.3/gems/activesupport-4.2.4/lib/active_support/dependencies.rb:268:in `block in load'
	from /home/sean/.rvm/gems/ruby-2.2.3/gems/activesupport-4.2.4/lib/active_support/dependencies.rb:240:in `load_dependency'
	from /home/sean/.rvm/gems/ruby-2.2.3/gems/activesupport-4.2.4/lib/active_support/dependencies.rb:268:in `load'
	from /home/sean/.rvm/rubies/ruby-2.2.3/lib/ruby/site_ruby/2.2.0/rubygems/core_ext/kernel_require.rb:54:in `require'
	from /home/sean/.rvm/rubies/ruby-2.2.3/lib/ruby/site_ruby/2.2.0/rubygems/core_ext/kernel_require.rb:54:in `require'
	from -e:1:in `<main>'
Running via Spring preloader in process 18214
Warning: Running `gem pristine --all` to regenerate your installed gemspecs (and deleting then reinstalling your bundle if you use bundle --path) will improve the startup performance of Spring.
/home/sean/.rvm/gems/ruby-2.2.3/gems/mysql2-0.3.20/lib/mysql2/client.rb:70:in `connect': Access denied for user 'PARadioCMS'@'localhost' (using password: NO) (Mysql2::Error)
	from /home/sean/.rvm/gems/ruby-2.2.3/gems/mysql2-0.3.20/lib/mysql2/client.rb:70:in `initialize'
	from /home/sean/.rvm/gems/ruby-2.2.3/gems/activerecord-4.2.4/lib/active_record/connection_adapters/mysql2_adapter.rb:18:in `new'
	from /home/sean/.rvm/gems/ruby-2.2.3/gems/activerecord-4.2.4/lib/active_record/connection_adapters/mysql2_adapter.rb:18:in `mysql2_connection'
	from /home/sean/.rvm/gems/ruby-2.2.3/gems/activerecord-4.2.4/lib/active_record/connection_adapters/abstract/connection_pool.rb:438:in `new_connection'
	from /home/sean/.rvm/gems/ruby-2.2.3/gems/activerecord-4.2.4/lib/active_record/connection_adapters/abstract/connection_pool.rb:448:in `checkout_new_connection'
	from /home/sean/.rvm/gems/ruby-2.2.3/gems/activerecord-4.2.4/lib/active_record/connection_adapters/abstract/connection_pool.rb:422:in `acquire_connection'
	from /home/sean/.rvm/gems/ruby-2.2.3/gems/activerecord-4.2.4/lib/active_record/connection_adapters/abstract/connection_pool.rb:349:in `block in checkout'
	from /home/sean/.rvm/rubies/ruby-2.2.3/lib/ruby/2.2.0/monitor.rb:211:in `mon_synchronize'
	from /home/sean/.rvm/gems/ruby-2.2.3/gems/activerecord-4.2.4/lib/active_record/connection_adapters/abstract/connection_pool.rb:348:in `checkout'
	from /home/sean/.rvm/gems/ruby-2.2.3/gems/activerecord-4.2.4/lib/active_record/connection_adapters/abstract/connection_pool.rb:263:in `block in connection'
	from /home/sean/.rvm/rubies/ruby-2.2.3/lib/ruby/2.2.0/monitor.rb:211:in `mon_synchronize'
	from /home/sean/.rvm/gems/ruby-2.2.3/gems/activerecord-4.2.4/lib/active_record/connection_adapters/abstract/connection_pool.rb:262:in `connection'
	from /home/sean/.rvm/gems/ruby-2.2.3/gems/activerecord-4.2.4/lib/active_record/connection_adapters/abstract/connection_pool.rb:571:in `retrieve_connection'
	from /home/sean/.rvm/gems/ruby-2.2.3/gems/activerecord-4.2.4/lib/active_record/connection_handling.rb:113:in `retrieve_connection'
	from /home/sean/.rvm/gems/ruby-2.2.3/gems/activerecord-4.2.4/lib/active_record/connection_handling.rb:87:in `connection'
	from /home/sean/.rvm/gems/ruby-2.2.3/gems/activerecord-4.2.4/lib/active_record/querying.rb:39:in `find_by_sql'
	from /home/sean/.rvm/gems/ruby-2.2.3/gems/activerecord-4.2.4/lib/active_record/relation.rb:639:in `exec_queries'
	from /home/sean/.rvm/gems/ruby-2.2.3/gems/activerecord-4.2.4/lib/active_record/relation.rb:515:in `load'
	from /home/sean/.rvm/gems/ruby-2.2.3/gems/activerecord-4.2.4/lib/active_record/relation.rb:243:in `to_a'
	from /home/sean/.rvm/gems/ruby-2.2.3/gems/activerecord-4.2.4/lib/active_record/relation/delegation.rb:46:in `each'
	from /var/www/html/PARadioCMS/app/models/admin/streamitem.rb:78:in `block in updatePlaylistFile'
	from /var/www/html/PARadioCMS/app/models/admin/streamitem.rb:77:in `open'
	from /var/www/html/PARadioCMS/app/models/admin/streamitem.rb:77:in `updatePlaylistFile'
	from /home/sean/.rvm/gems/ruby-2.2.3/gems/railties-4.2.4/lib/rails/commands/runner.rb:62:in `<top (required)>'
	from /home/sean/.rvm/gems/ruby-2.2.3/gems/railties-4.2.4/lib/rails/commands/runner.rb:62:in `eval'
	from /home/sean/.rvm/gems/ruby-2.2.3/gems/railties-4.2.4/lib/rails/commands/runner.rb:62:in `<top (required)>'
	from /home/sean/.rvm/gems/ruby-2.2.3/gems/activesupport-4.2.4/lib/active_support/dependencies.rb:274:in `require'
	from /home/sean/.rvm/gems/ruby-2.2.3/gems/activesupport-4.2.4/lib/active_support/dependencies.rb:274:in `block in require'
	from /home/sean/.rvm/gems/ruby-2.2.3/gems/activesupport-4.2.4/lib/active_support/dependencies.rb:240:in `load_dependency'
	from /home/sean/.rvm/gems/ruby-2.2.3/gems/activesupport-4.2.4/lib/active_support/dependencies.rb:274:in `require'
	from /home/sean/.rvm/gems/ruby-2.2.3/gems/railties-4.2.4/lib/rails/commands/commands_tasks.rb:123:in `require_command!'
	from /home/sean/.rvm/gems/ruby-2.2.3/gems/railties-4.2.4/lib/rails/commands/commands_tasks.rb:90:in `runner'
	from /home/sean/.rvm/gems/ruby-2.2.3/gems/railties-4.2.4/lib/rails/commands/commands_tasks.rb:39:in `run_command!'
	from /home/sean/.rvm/gems/ruby-2.2.3/gems/railties-4.2.4/lib/rails/commands.rb:17:in `<top (required)>'
	from /home/sean/.rvm/gems/ruby-2.2.3/gems/activesupport-4.2.4/lib/active_support/dependencies.rb:274:in `require'
	from /home/sean/.rvm/gems/ruby-2.2.3/gems/activesupport-4.2.4/lib/active_support/dependencies.rb:274:in `block in require'
	from /home/sean/.rvm/gems/ruby-2.2.3/gems/activesupport-4.2.4/lib/active_support/dependencies.rb:240:in `load_dependency'
	from /home/sean/.rvm/gems/ruby-2.2.3/gems/activesupport-4.2.4/lib/active_support/dependencies.rb:274:in `require'
	from /var/www/html/PARadioCMS/bin/rails:9:in `<top (required)>'
	from /home/sean/.rvm/gems/ruby-2.2.3/gems/activesupport-4.2.4/lib/active_support/dependencies.rb:268:in `load'
	from /home/sean/.rvm/gems/ruby-2.2.3/gems/activesupport-4.2.4/lib/active_support/dependencies.rb:268:in `block in load'
	from /home/sean/.rvm/gems/ruby-2.2.3/gems/activesupport-4.2.4/lib/active_support/dependencies.rb:240:in `load_dependency'
	from /home/sean/.rvm/gems/ruby-2.2.3/gems/activesupport-4.2.4/lib/active_support/dependencies.rb:268:in `load'
	from /home/sean/.rvm/rubies/ruby-2.2.3/lib/ruby/site_ruby/2.2.0/rubygems/core_ext/kernel_require.rb:54:in `require'
	from /home/sean/.rvm/rubies/ruby-2.2.3/lib/ruby/site_ruby/2.2.0/rubygems/core_ext/kernel_require.rb:54:in `require'
	from -e:1:in `<main>'
Running via Spring preloader in process 18653
Warning: Running `gem pristine --all` to regenerate your installed gemspecs (and deleting then reinstalling your bundle if you use bundle --path) will improve the startup performance of Spring.
/home/sean/.rvm/gems/ruby-2.2.3/gems/mysql2-0.3.20/lib/mysql2/client.rb:70:in `connect': Access denied for user 'PARadioCMS'@'localhost' (using password: NO) (Mysql2::Error)
	from /home/sean/.rvm/gems/ruby-2.2.3/gems/mysql2-0.3.20/lib/mysql2/client.rb:70:in `initialize'
	from /home/sean/.rvm/gems/ruby-2.2.3/gems/activerecord-4.2.4/lib/active_record/connection_adapters/mysql2_adapter.rb:18:in `new'
	from /home/sean/.rvm/gems/ruby-2.2.3/gems/activerecord-4.2.4/lib/active_record/connection_adapters/mysql2_adapter.rb:18:in `mysql2_connection'
	from /home/sean/.rvm/gems/ruby-2.2.3/gems/activerecord-4.2.4/lib/active_record/connection_adapters/abstract/connection_pool.rb:438:in `new_connection'
	from /home/sean/.rvm/gems/ruby-2.2.3/gems/activerecord-4.2.4/lib/active_record/connection_adapters/abstract/connection_pool.rb:448:in `checkout_new_connection'
	from /home/sean/.rvm/gems/ruby-2.2.3/gems/activerecord-4.2.4/lib/active_record/connection_adapters/abstract/connection_pool.rb:422:in `acquire_connection'
	from /home/sean/.rvm/gems/ruby-2.2.3/gems/activerecord-4.2.4/lib/active_record/connection_adapters/abstract/connection_pool.rb:349:in `block in checkout'
	from /home/sean/.rvm/rubies/ruby-2.2.3/lib/ruby/2.2.0/monitor.rb:211:in `mon_synchronize'
	from /home/sean/.rvm/gems/ruby-2.2.3/gems/activerecord-4.2.4/lib/active_record/connection_adapters/abstract/connection_pool.rb:348:in `checkout'
	from /home/sean/.rvm/gems/ruby-2.2.3/gems/activerecord-4.2.4/lib/active_record/connection_adapters/abstract/connection_pool.rb:263:in `block in connection'
	from /home/sean/.rvm/rubies/ruby-2.2.3/lib/ruby/2.2.0/monitor.rb:211:in `mon_synchronize'
	from /home/sean/.rvm/gems/ruby-2.2.3/gems/activerecord-4.2.4/lib/active_record/connection_adapters/abstract/connection_pool.rb:262:in `connection'
	from /home/sean/.rvm/gems/ruby-2.2.3/gems/activerecord-4.2.4/lib/active_record/connection_adapters/abstract/connection_pool.rb:571:in `retrieve_connection'
	from /home/sean/.rvm/gems/ruby-2.2.3/gems/activerecord-4.2.4/lib/active_record/connection_handling.rb:113:in `retrieve_connection'
	from /home/sean/.rvm/gems/ruby-2.2.3/gems/activerecord-4.2.4/lib/active_record/connection_handling.rb:87:in `connection'
	from /home/sean/.rvm/gems/ruby-2.2.3/gems/activerecord-4.2.4/lib/active_record/attributes.rb:93:in `columns'
	from /home/sean/.rvm/gems/ruby-2.2.3/gems/activerecord-4.2.4/lib/active_record/attributes.rb:98:in `columns_hash'
	from /home/sean/.rvm/gems/ruby-2.2.3/gems/activerecord-4.2.4/lib/active_record/relation/query_methods.rb:969:in `block in create_binds'
	from /home/sean/.rvm/gems/ruby-2.2.3/gems/activerecord-4.2.4/lib/active_record/relation/query_methods.rb:967:in `each'
	from /home/sean/.rvm/gems/ruby-2.2.3/gems/activerecord-4.2.4/lib/active_record/relation/query_methods.rb:967:in `partition'
	from /home/sean/.rvm/gems/ruby-2.2.3/gems/activerecord-4.2.4/lib/active_record/relation/query_methods.rb:967:in `create_binds'
	from /home/sean/.rvm/gems/ruby-2.2.3/gems/activerecord-4.2.4/lib/active_record/relation/query_methods.rb:954:in `build_where'
	from /home/sean/.rvm/gems/ruby-2.2.3/gems/activerecord-4.2.4/lib/active_record/relation/query_methods.rb:584:in `where!'
	from /home/sean/.rvm/gems/ruby-2.2.3/gems/activerecord-4.2.4/lib/active_record/relation/query_methods.rb:574:in `where'
	from /home/sean/.rvm/gems/ruby-2.2.3/gems/activerecord-4.2.4/lib/active_record/querying.rb:10:in `where'
	from /var/www/html/PARadioCMS/app/models/admin/streamitem.rb:77:in `updatePlaylistFile'
	from /home/sean/.rvm/gems/ruby-2.2.3/gems/railties-4.2.4/lib/rails/commands/runner.rb:62:in `<top (required)>'
	from /home/sean/.rvm/gems/ruby-2.2.3/gems/railties-4.2.4/lib/rails/commands/runner.rb:62:in `eval'
	from /home/sean/.rvm/gems/ruby-2.2.3/gems/railties-4.2.4/lib/rails/commands/runner.rb:62:in `<top (required)>'
	from /home/sean/.rvm/gems/ruby-2.2.3/gems/activesupport-4.2.4/lib/active_support/dependencies.rb:274:in `require'
	from /home/sean/.rvm/gems/ruby-2.2.3/gems/activesupport-4.2.4/lib/active_support/dependencies.rb:274:in `block in require'
	from /home/sean/.rvm/gems/ruby-2.2.3/gems/activesupport-4.2.4/lib/active_support/dependencies.rb:240:in `load_dependency'
	from /home/sean/.rvm/gems/ruby-2.2.3/gems/activesupport-4.2.4/lib/active_support/dependencies.rb:274:in `require'
	from /home/sean/.rvm/gems/ruby-2.2.3/gems/railties-4.2.4/lib/rails/commands/commands_tasks.rb:123:in `require_command!'
	from /home/sean/.rvm/gems/ruby-2.2.3/gems/railties-4.2.4/lib/rails/commands/commands_tasks.rb:90:in `runner'
	from /home/sean/.rvm/gems/ruby-2.2.3/gems/railties-4.2.4/lib/rails/commands/commands_tasks.rb:39:in `run_command!'
	from /home/sean/.rvm/gems/ruby-2.2.3/gems/railties-4.2.4/lib/rails/commands.rb:17:in `<top (required)>'
	from /home/sean/.rvm/gems/ruby-2.2.3/gems/activesupport-4.2.4/lib/active_support/dependencies.rb:274:in `require'
	from /home/sean/.rvm/gems/ruby-2.2.3/gems/activesupport-4.2.4/lib/active_support/dependencies.rb:274:in `block in require'
	from /home/sean/.rvm/gems/ruby-2.2.3/gems/activesupport-4.2.4/lib/active_support/dependencies.rb:240:in `load_dependency'
	from /home/sean/.rvm/gems/ruby-2.2.3/gems/activesupport-4.2.4/lib/active_support/dependencies.rb:274:in `require'
	from /var/www/html/PARadioCMS/bin/rails:9:in `<top (required)>'
	from /home/sean/.rvm/gems/ruby-2.2.3/gems/activesupport-4.2.4/lib/active_support/dependencies.rb:268:in `load'
	from /home/sean/.rvm/gems/ruby-2.2.3/gems/activesupport-4.2.4/lib/active_support/dependencies.rb:268:in `block in load'
	from /home/sean/.rvm/gems/ruby-2.2.3/gems/activesupport-4.2.4/lib/active_support/dependencies.rb:240:in `load_dependency'
	from /home/sean/.rvm/gems/ruby-2.2.3/gems/activesupport-4.2.4/lib/active_support/dependencies.rb:268:in `load'
	from /home/sean/.rvm/rubies/ruby-2.2.3/lib/ruby/site_ruby/2.2.0/rubygems/core_ext/kernel_require.rb:54:in `require'
	from /home/sean/.rvm/rubies/ruby-2.2.3/lib/ruby/site_ruby/2.2.0/rubygems/core_ext/kernel_require.rb:54:in `require'
	from -e:1:in `<main>'
Running via Spring preloader in process 19222
Warning: Running `gem pristine --all` to regenerate your installed gemspecs (and deleting then reinstalling your bundle if you use bundle --path) will improve the startup performance of Spring.
/home/sean/.rvm/gems/ruby-2.2.3/gems/mysql2-0.3.20/lib/mysql2/client.rb:70:in `connect': Access denied for user 'PARadioCMS'@'localhost' (using password: NO) (Mysql2::Error)
	from /home/sean/.rvm/gems/ruby-2.2.3/gems/mysql2-0.3.20/lib/mysql2/client.rb:70:in `initialize'
	from /home/sean/.rvm/gems/ruby-2.2.3/gems/activerecord-4.2.4/lib/active_record/connection_adapters/mysql2_adapter.rb:18:in `new'
	from /home/sean/.rvm/gems/ruby-2.2.3/gems/activerecord-4.2.4/lib/active_record/connection_adapters/mysql2_adapter.rb:18:in `mysql2_connection'
	from /home/sean/.rvm/gems/ruby-2.2.3/gems/activerecord-4.2.4/lib/active_record/connection_adapters/abstract/connection_pool.rb:438:in `new_connection'
	from /home/sean/.rvm/gems/ruby-2.2.3/gems/activerecord-4.2.4/lib/active_record/connection_adapters/abstract/connection_pool.rb:448:in `checkout_new_connection'
	from /home/sean/.rvm/gems/ruby-2.2.3/gems/activerecord-4.2.4/lib/active_record/connection_adapters/abstract/connection_pool.rb:422:in `acquire_connection'
	from /home/sean/.rvm/gems/ruby-2.2.3/gems/activerecord-4.2.4/lib/active_record/connection_adapters/abstract/connection_pool.rb:349:in `block in checkout'
	from /home/sean/.rvm/rubies/ruby-2.2.3/lib/ruby/2.2.0/monitor.rb:211:in `mon_synchronize'
	from /home/sean/.rvm/gems/ruby-2.2.3/gems/activerecord-4.2.4/lib/active_record/connection_adapters/abstract/connection_pool.rb:348:in `checkout'
	from /home/sean/.rvm/gems/ruby-2.2.3/gems/activerecord-4.2.4/lib/active_record/connection_adapters/abstract/connection_pool.rb:263:in `block in connection'
	from /home/sean/.rvm/rubies/ruby-2.2.3/lib/ruby/2.2.0/monitor.rb:211:in `mon_synchronize'
	from /home/sean/.rvm/gems/ruby-2.2.3/gems/activerecord-4.2.4/lib/active_record/connection_adapters/abstract/connection_pool.rb:262:in `connection'
	from /home/sean/.rvm/gems/ruby-2.2.3/gems/activerecord-4.2.4/lib/active_record/connection_adapters/abstract/connection_pool.rb:571:in `retrieve_connection'
	from /home/sean/.rvm/gems/ruby-2.2.3/gems/activerecord-4.2.4/lib/active_record/connection_handling.rb:113:in `retrieve_connection'
	from /home/sean/.rvm/gems/ruby-2.2.3/gems/activerecord-4.2.4/lib/active_record/connection_handling.rb:87:in `connection'
	from /home/sean/.rvm/gems/ruby-2.2.3/gems/activerecord-4.2.4/lib/active_record/attributes.rb:93:in `columns'
	from /home/sean/.rvm/gems/ruby-2.2.3/gems/activerecord-4.2.4/lib/active_record/attributes.rb:98:in `columns_hash'
	from /home/sean/.rvm/gems/ruby-2.2.3/gems/activerecord-4.2.4/lib/active_record/relation/query_methods.rb:969:in `block in create_binds'
	from /home/sean/.rvm/gems/ruby-2.2.3/gems/activerecord-4.2.4/lib/active_record/relation/query_methods.rb:967:in `each'
	from /home/sean/.rvm/gems/ruby-2.2.3/gems/activerecord-4.2.4/lib/active_record/relation/query_methods.rb:967:in `partition'
	from /home/sean/.rvm/gems/ruby-2.2.3/gems/activerecord-4.2.4/lib/active_record/relation/query_methods.rb:967:in `create_binds'
	from /home/sean/.rvm/gems/ruby-2.2.3/gems/activerecord-4.2.4/lib/active_record/relation/query_methods.rb:954:in `build_where'
	from /home/sean/.rvm/gems/ruby-2.2.3/gems/activerecord-4.2.4/lib/active_record/relation/query_methods.rb:584:in `where!'
	from /home/sean/.rvm/gems/ruby-2.2.3/gems/activerecord-4.2.4/lib/active_record/relation/query_methods.rb:574:in `where'
	from /home/sean/.rvm/gems/ruby-2.2.3/gems/activerecord-4.2.4/lib/active_record/querying.rb:10:in `where'
	from /var/www/html/PARadioCMS/app/models/admin/streamitem.rb:77:in `updatePlaylistFile'
	from /home/sean/.rvm/gems/ruby-2.2.3/gems/railties-4.2.4/lib/rails/commands/runner.rb:62:in `<top (required)>'
	from /home/sean/.rvm/gems/ruby-2.2.3/gems/railties-4.2.4/lib/rails/commands/runner.rb:62:in `eval'
	from /home/sean/.rvm/gems/ruby-2.2.3/gems/railties-4.2.4/lib/rails/commands/runner.rb:62:in `<top (required)>'
	from /home/sean/.rvm/gems/ruby-2.2.3/gems/activesupport-4.2.4/lib/active_support/dependencies.rb:274:in `require'
	from /home/sean/.rvm/gems/ruby-2.2.3/gems/activesupport-4.2.4/lib/active_support/dependencies.rb:274:in `block in require'
	from /home/sean/.rvm/gems/ruby-2.2.3/gems/activesupport-4.2.4/lib/active_support/dependencies.rb:240:in `load_dependency'
	from /home/sean/.rvm/gems/ruby-2.2.3/gems/activesupport-4.2.4/lib/active_support/dependencies.rb:274:in `require'
	from /home/sean/.rvm/gems/ruby-2.2.3/gems/railties-4.2.4/lib/rails/commands/commands_tasks.rb:123:in `require_command!'
	from /home/sean/.rvm/gems/ruby-2.2.3/gems/railties-4.2.4/lib/rails/commands/commands_tasks.rb:90:in `runner'
	from /home/sean/.rvm/gems/ruby-2.2.3/gems/railties-4.2.4/lib/rails/commands/commands_tasks.rb:39:in `run_command!'
	from /home/sean/.rvm/gems/ruby-2.2.3/gems/railties-4.2.4/lib/rails/commands.rb:17:in `<top (required)>'
	from /home/sean/.rvm/gems/ruby-2.2.3/gems/activesupport-4.2.4/lib/active_support/dependencies.rb:274:in `require'
	from /home/sean/.rvm/gems/ruby-2.2.3/gems/activesupport-4.2.4/lib/active_support/dependencies.rb:274:in `block in require'
	from /home/sean/.rvm/gems/ruby-2.2.3/gems/activesupport-4.2.4/lib/active_support/dependencies.rb:240:in `load_dependency'
	from /home/sean/.rvm/gems/ruby-2.2.3/gems/activesupport-4.2.4/lib/active_support/dependencies.rb:274:in `require'
	from /var/www/html/PARadioCMS/bin/rails:9:in `<top (required)>'
	from /home/sean/.rvm/gems/ruby-2.2.3/gems/activesupport-4.2.4/lib/active_support/dependencies.rb:268:in `load'
	from /home/sean/.rvm/gems/ruby-2.2.3/gems/activesupport-4.2.4/lib/active_support/dependencies.rb:268:in `block in load'
	from /home/sean/.rvm/gems/ruby-2.2.3/gems/activesupport-4.2.4/lib/active_support/dependencies.rb:240:in `load_dependency'
	from /home/sean/.rvm/gems/ruby-2.2.3/gems/activesupport-4.2.4/lib/active_support/dependencies.rb:268:in `load'
	from /home/sean/.rvm/rubies/ruby-2.2.3/lib/ruby/site_ruby/2.2.0/rubygems/core_ext/kernel_require.rb:54:in `require'
	from /home/sean/.rvm/rubies/ruby-2.2.3/lib/ruby/site_ruby/2.2.0/rubygems/core_ext/kernel_require.rb:54:in `require'
	from -e:1:in `<main>'
Running via Spring preloader in process 19848
Warning: Running `gem pristine --all` to regenerate your installed gemspecs (and deleting then reinstalling your bundle if you use bundle --path) will improve the startup performance of Spring.
Running via Spring preloader in process 20459
